#
# There is insufficient memory for the Java Runtime Environment to continue.
# Native memory allocation (malloc) failed to allocate 87536 bytes for Chunk::new
# Possible reasons:
#   The system is out of physical RAM or swap space
#   The process is running with CompressedOops enabled, and the Java Heap may be blocking the growth of the native heap
# Possible solutions:
#   Reduce memory load on the system
#   Increase physical memory or swap space
#   Check if swap backing store is full
#   Decrease Java heap size (-Xmx/-Xms)
#   Decrease number of Java threads
#   Decrease Java thread stack sizes (-Xss)
#   Set larger code cache with -XX:ReservedCodeCacheSize=
#   JVM is running with Unscaled Compressed Oops mode in which the Java heap is
#     placed in the first 4GB address space. The Java Heap base address is the
#     maximum limit for the native heap growth. Please use -XX:HeapBaseMinAddress
#     to set the Java Heap base and to place the Java Heap above 4GB virtual address.
# This output file may be truncated or incomplete.
#
#  Out of Memory Error (allocation.cpp:389), pid=14640, tid=0x0000000000002cfc
#
# JRE version: OpenJDK Runtime Environment (8.0_242-b01) (build 1.8.0_242-release-1644-b01)
# Java VM: OpenJDK 64-Bit Server VM (25.242-b01 mixed mode windows-amd64 compressed oops)
# Failed to write core dump. Minidumps are not enabled by default on client versions of Windows
#

---------------  T H R E A D  ---------------

Current thread (0x0000000016199000):  JavaThread "C2 CompilerThread0" daemon [_thread_in_native, id=11516, stack(0x00000000177f0000,0x00000000178f0000)]

Stack: [0x00000000177f0000,0x00000000178f0000]
[error occurred during error reporting (printing stack bounds), id 0xc0000005]

Native frames: (J=compiled Java code, j=interpreted, Vv=VM code, C=native code)


Current CompileTask:
C2:   4355 2788       4       org.jetbrains.kotlin.parsing.AbstractKotlinParsing::tt (10 bytes)


---------------  P R O C E S S  ---------------

Java Threads: ( => current thread )
  0x000000001838d000 JavaThread "RMI RenewClean-[127.0.0.1:57613,org.jetbrains.kotlin.daemon.common.LoopbackNetworkInterface$ClientLoopbackSocketFactory@34efc6da]" daemon [_thread_blocked, id=7560, stack(0x0000000019770000,0x0000000019870000)]
  0x0000000018364000 JavaThread "RMI TCP Connection(2)-127.0.0.1" daemon [_thread_blocked, id=3944, stack(0x0000000019670000,0x0000000019770000)]
  0x0000000018361800 JavaThread "RMI Scheduler(0)" daemon [_thread_blocked, id=11360, stack(0x0000000019570000,0x0000000019670000)]
  0x000000001833a800 JavaThread "RMI TCP Connection(1)-127.0.0.1" daemon [_thread_in_native, id=3660, stack(0x0000000019270000,0x0000000019370000)]
  0x0000000002723800 JavaThread "DestroyJavaVM" [_thread_blocked, id=15944, stack(0x00000000025c0000,0x00000000026c0000)]
  0x0000000018338000 JavaThread "GC Daemon" daemon [_thread_blocked, id=9124, stack(0x0000000019030000,0x0000000019130000)]
  0x0000000018341000 JavaThread "RMI Reaper" [_thread_blocked, id=8088, stack(0x0000000018f30000,0x0000000019030000)]
  0x000000001829d000 JavaThread "Timer-0" daemon [_thread_blocked, id=14508, stack(0x0000000018d30000,0x0000000018e30000)]
  0x000000001829a000 JavaThread "RMI TCP Accept-17879" daemon [_thread_in_native, id=17056, stack(0x0000000018c30000,0x0000000018d30000)]
  0x00000000161ed800 JavaThread "Service Thread" daemon [_thread_blocked, id=1168, stack(0x0000000017ef0000,0x0000000017ff0000)]
  0x00000000161a4800 JavaThread "C1 CompilerThread2" daemon [_thread_blocked, id=14536, stack(0x00000000179f0000,0x0000000017af0000)]
  0x00000000161a0000 JavaThread "C2 CompilerThread1" daemon [_thread_in_native, id=15080, stack(0x00000000178f0000,0x00000000179f0000)]
=>0x0000000016199000 JavaThread "C2 CompilerThread0" daemon [_thread_in_native, id=11516, stack(0x00000000177f0000,0x00000000178f0000)]
  0x0000000016194000 JavaThread "Attach Listener" daemon [_thread_blocked, id=11652, stack(0x00000000176f0000,0x00000000177f0000)]
  0x0000000016193000 JavaThread "Signal Dispatcher" daemon [_thread_blocked, id=6156, stack(0x00000000175f0000,0x00000000176f0000)]
  0x000000000281d000 JavaThread "Finalizer" daemon [_thread_blocked, id=17456, stack(0x00000000173f0000,0x00000000174f0000)]
  0x0000000016179000 JavaThread "Reference Handler" daemon [_thread_blocked, id=5028, stack(0x00000000172f0000,0x00000000173f0000)]

Other Threads:
  0x0000000016156800 VMThread [stack: 0x00000000171f0000,0x00000000172f0000] [id=2272]
  0x00000000161ee800 WatcherThread [stack: 0x0000000017ff0000,0x00000000180f0000] [id=1948]

VM state:at safepoint (normal execution)

VM Mutex/Monitor currently owned by a thread:  ([mutex/lock_event])
[0x0000000002720750] Threads_lock - owner thread: 0x0000000016156800
[0x0000000002720850] Heap_lock - owner thread: 0x0000000018364000

heap address: 0x00000000a0000000, size: 1536 MB, Compressed Oops mode: 32-bit
Narrow klass base: 0x0000000000000000, Narrow klass shift: 3
Compressed class space size: 1073741824 Address: 0x0000000100000000

Heap:
 PSYoungGen      total 140800K, used 2061K [0x00000000e0000000, 0x00000000ea880000, 0x0000000100000000)
  eden space 130048K, 0% used [0x00000000e0000000,0x00000000e0000000,0x00000000e7f00000)
  from space 10752K, 19% used [0x00000000e9e00000,0x00000000ea003480,0x00000000ea880000)
  to   space 10752K, 0% used [0x00000000e7f00000,0x00000000e7f00000,0x00000000e8980000)
 ParOldGen       total 167936K, used 20055K [0x00000000a0000000, 0x00000000aa400000, 0x00000000e0000000)
  object space 167936K, 11% used [0x00000000a0000000,0x00000000a1395c20,0x00000000aa400000)
 Metaspace       used 36049K, capacity 36613K, committed 36904K, reserved 1083392K
  class space    used 4658K, capacity 4783K, committed 4784K, reserved 1048576K

Card table byte_map: [0x0000000011be0000,0x0000000011ef0000] byte_map_base: 0x00000000116e0000

Marking Bits: (ParMarkBitMap*) 0x000000005a3bf030
 Begin Bits: [0x00000000124f0000, 0x0000000013cf0000)
 End Bits:   [0x0000000013cf0000, 0x00000000154f0000)

Polling page: 0x0000000000910000

CodeCache: size=245760Kb used=8918Kb max_used=8918Kb free=236842Kb
 bounds [0x0000000002820000, 0x00000000030e0000, 0x0000000011820000]
 total_blobs=3390 nmethods=2920 adapters=383
 compilation: enabled

Compilation events (10 events):
Event: 4.334 Thread 0x00000000161a4800 2930       1       org.jetbrains.kotlin.parsing.KotlinParsing$ModifierDetector::isEnumDetected (5 bytes)
Event: 4.334 Thread 0x00000000161a4800 nmethod 2930 0x00000000030da850 code [0x00000000030da9a0, 0x00000000030daab0]
Event: 4.337 Thread 0x00000000161a4800 2936       3       java.lang.String::toLowerCase (8 bytes)
Event: 4.337 Thread 0x00000000161a4800 nmethod 2936 0x00000000030dab10 code [0x00000000030dac80, 0x00000000030daee8]
Event: 4.338 Thread 0x00000000161a4800 2937       3       java.io.File::hashCode (8 bytes)
Event: 4.338 Thread 0x00000000161a4800 nmethod 2937 0x00000000030daf90 code [0x00000000030db120, 0x00000000030db498]
Event: 4.338 Thread 0x00000000161a4800 2938       3       java.io.WinNTFileSystem::hashCode (17 bytes)
Event: 4.338 Thread 0x00000000161a4800 nmethod 2938 0x00000000030db610 code [0x00000000030db780, 0x00000000030dba98]
Event: 4.338 Thread 0x00000000161a4800 2939       1       java.util.concurrent.atomic.AtomicReference::get (5 bytes)
Event: 4.338 Thread 0x00000000161a4800 nmethod 2939 0x00000000030dbbd0 code [0x00000000030dbd20, 0x00000000030dbe30]

GC Heap History (10 events):
Event: 2.036 GC heap after
Heap after GC invocations=4 (full 1):
 PSYoungGen      total 75776K, used 5775K [0x00000000e0000000, 0x00000000e9400000, 0x0000000100000000)
  eden space 65024K, 0% used [0x00000000e0000000,0x00000000e0000000,0x00000000e3f80000)
  from space 10752K, 53% used [0x00000000e3f80000,0x00000000e4523ff0,0x00000000e4a00000)
  to   space 10752K, 0% used [0x00000000e8980000,0x00000000e8980000,0x00000000e9400000)
 ParOldGen       total 173568K, used 6283K [0x00000000a0000000, 0x00000000aa980000, 0x00000000e0000000)
  object space 173568K, 3% used [0x00000000a0000000,0x00000000a0622d20,0x00000000aa980000)
 Metaspace       used 20764K, capacity 21161K, committed 21296K, reserved 1069056K
  class space    used 2455K, capacity 2583K, committed 2608K, reserved 1048576K
}
Event: 2.036 GC heap before
{Heap before GC invocations=5 (full 2):
 PSYoungGen      total 75776K, used 5775K [0x00000000e0000000, 0x00000000e9400000, 0x0000000100000000)
  eden space 65024K, 0% used [0x00000000e0000000,0x00000000e0000000,0x00000000e3f80000)
  from space 10752K, 53% used [0x00000000e3f80000,0x00000000e4523ff0,0x00000000e4a00000)
  to   space 10752K, 0% used [0x00000000e8980000,0x00000000e8980000,0x00000000e9400000)
 ParOldGen       total 173568K, used 6283K [0x00000000a0000000, 0x00000000aa980000, 0x00000000e0000000)
  object space 173568K, 3% used [0x00000000a0000000,0x00000000a0622d20,0x00000000aa980000)
 Metaspace       used 20764K, capacity 21161K, committed 21296K, reserved 1069056K
  class space    used 2455K, capacity 2583K, committed 2608K, reserved 1048576K
Event: 2.064 GC heap after
Heap after GC invocations=5 (full 2):
 PSYoungGen      total 75776K, used 0K [0x00000000e0000000, 0x00000000e9400000, 0x0000000100000000)
  eden space 65024K, 0% used [0x00000000e0000000,0x00000000e0000000,0x00000000e3f80000)
  from space 10752K, 0% used [0x00000000e3f80000,0x00000000e3f80000,0x00000000e4a00000)
  to   space 10752K, 0% used [0x00000000e8980000,0x00000000e8980000,0x00000000e9400000)
 ParOldGen       total 102912K, used 7204K [0x00000000a0000000, 0x00000000a6480000, 0x00000000e0000000)
  object space 102912K, 7% used [0x00000000a0000000,0x00000000a07091f8,0x00000000a6480000)
 Metaspace       used 20764K, capacity 21161K, committed 21296K, reserved 1069056K
  class space    used 2455K, capacity 2583K, committed 2608K, reserved 1048576K
}
Event: 3.320 GC heap before
{Heap before GC invocations=6 (full 2):
 PSYoungGen      total 75776K, used 65024K [0x00000000e0000000, 0x00000000e9400000, 0x0000000100000000)
  eden space 65024K, 100% used [0x00000000e0000000,0x00000000e3f80000,0x00000000e3f80000)
  from space 10752K, 0% used [0x00000000e3f80000,0x00000000e3f80000,0x00000000e4a00000)
  to   space 10752K, 0% used [0x00000000e8980000,0x00000000e8980000,0x00000000e9400000)
 ParOldGen       total 102912K, used 7204K [0x00000000a0000000, 0x00000000a6480000, 0x00000000e0000000)
  object space 102912K, 7% used [0x00000000a0000000,0x00000000a07091f8,0x00000000a6480000)
 Metaspace       used 30351K, capacity 30899K, committed 31280K, reserved 1077248K
  class space    used 3903K, capacity 4064K, committed 4144K, reserved 1048576K
Event: 3.335 GC heap after
Heap after GC invocations=6 (full 2):
 PSYoungGen      total 111104K, used 10746K [0x00000000e0000000, 0x00000000e9400000, 0x0000000100000000)
  eden space 100352K, 0% used [0x00000000e0000000,0x00000000e0000000,0x00000000e6200000)
  from space 10752K, 99% used [0x00000000e8980000,0x00000000e93febc0,0x00000000e9400000)
  to   space 10752K, 0% used [0x00000000e7f00000,0x00000000e7f00000,0x00000000e8980000)
 ParOldGen       total 102912K, used 11479K [0x00000000a0000000, 0x00000000a6480000, 0x00000000e0000000)
  object space 102912K, 11% used [0x00000000a0000000,0x00000000a0b35c20,0x00000000a6480000)
 Metaspace       used 30351K, capacity 30899K, committed 31280K, reserved 1077248K
  class space    used 3903K, capacity 4064K, committed 4144K, reserved 1048576K
}
Event: 4.045 GC heap before
{Heap before GC invocations=7 (full 2):
 PSYoungGen      total 111104K, used 43581K [0x00000000e0000000, 0x00000000e9400000, 0x0000000100000000)
  eden space 100352K, 32% used [0x00000000e0000000,0x00000000e2010a50,0x00000000e6200000)
  from space 10752K, 99% used [0x00000000e8980000,0x00000000e93febc0,0x00000000e9400000)
  to   space 10752K, 0% used [0x00000000e7f00000,0x00000000e7f00000,0x00000000e8980000)
 ParOldGen       total 102912K, used 11479K [0x00000000a0000000, 0x00000000a6480000, 0x00000000e0000000)
  object space 102912K, 11% used [0x00000000a0000000,0x00000000a0b35c20,0x00000000a6480000)
 Metaspace       used 34700K, capacity 35187K, committed 35496K, reserved 1081344K
  class space    used 4487K, capacity 4612K, committed 4656K, reserved 1048576K
Event: 4.056 GC heap after
Heap after GC invocations=7 (full 2):
 PSYoungGen      total 140800K, used 10733K [0x00000000e0000000, 0x00000000ea880000, 0x0000000100000000)
  eden space 130048K, 0% used [0x00000000e0000000,0x00000000e0000000,0x00000000e7f00000)
  from space 10752K, 99% used [0x00000000e7f00000,0x00000000e897b670,0x00000000e8980000)
  to   space 10752K, 0% used [0x00000000e9e00000,0x00000000e9e00000,0x00000000ea880000)
 ParOldGen       total 102912K, used 14820K [0x00000000a0000000, 0x00000000a6480000, 0x00000000e0000000)
  object space 102912K, 14% used [0x00000000a0000000,0x00000000a0e792f8,0x00000000a6480000)
 Metaspace       used 34700K, capacity 35187K, committed 35496K, reserved 1081344K
  class space    used 4487K, capacity 4612K, committed 4656K, reserved 1048576K
}
Event: 4.056 GC heap before
{Heap before GC invocations=8 (full 3):
 PSYoungGen      total 140800K, used 10733K [0x00000000e0000000, 0x00000000ea880000, 0x0000000100000000)
  eden space 130048K, 0% used [0x00000000e0000000,0x00000000e0000000,0x00000000e7f00000)
  from space 10752K, 99% used [0x00000000e7f00000,0x00000000e897b670,0x00000000e8980000)
  to   space 10752K, 0% used [0x00000000e9e00000,0x00000000e9e00000,0x00000000ea880000)
 ParOldGen       total 102912K, used 14820K [0x00000000a0000000, 0x00000000a6480000, 0x00000000e0000000)
  object space 102912K, 14% used [0x00000000a0000000,0x00000000a0e792f8,0x00000000a6480000)
 Metaspace       used 34700K, capacity 35187K, committed 35496K, reserved 1081344K
  class space    used 4487K, capacity 4612K, committed 4656K, reserved 1048576K
Event: 4.141 GC heap after
Heap after GC invocations=8 (full 3):
 PSYoungGen      total 140800K, used 0K [0x00000000e0000000, 0x00000000ea880000, 0x0000000100000000)
  eden space 130048K, 0% used [0x00000000e0000000,0x00000000e0000000,0x00000000e7f00000)
  from space 10752K, 0% used [0x00000000e7f00000,0x00000000e7f00000,0x00000000e8980000)
  to   space 10752K, 0% used [0x00000000e9e00000,0x00000000e9e00000,0x00000000ea880000)
 ParOldGen       total 167936K, used 20047K [0x00000000a0000000, 0x00000000aa400000, 0x00000000e0000000)
  object space 167936K, 11% used [0x00000000a0000000,0x00000000a1393c20,0x00000000aa400000)
 Metaspace       used 34700K, capacity 35187K, committed 35496K, reserved 1081344K
  class space    used 4487K, capacity 4612K, committed 4656K, reserved 1048576K
}
Event: 4.339 GC heap before
{Heap before GC invocations=9 (full 3):
 PSYoungGen      total 140800K, used 9329K [0x00000000e0000000, 0x00000000ea880000, 0x0000000100000000)
  eden space 130048K, 7% used [0x00000000e0000000,0x00000000e091c6b8,0x00000000e7f00000)
  from space 10752K, 0% used [0x00000000e7f00000,0x00000000e7f00000,0x00000000e8980000)
  to   space 10752K, 0% used [0x00000000e9e00000,0x00000000e9e00000,0x00000000ea880000)
 ParOldGen       total 167936K, used 20047K [0x00000000a0000000, 0x00000000aa400000, 0x00000000e0000000)
  object space 167936K, 11% used [0x00000000a0000000,0x00000000a1393c20,0x00000000aa400000)
 Metaspace       used 36049K, capacity 36613K, committed 36904K, reserved 1083392K
  class space    used 4658K, capacity 4783K, committed 4784K, reserved 1048576K

Deoptimization events (10 events):
Event: 4.231 Thread 0x0000000018364000 Uncommon trap: reason=class_check action=maybe_recompile pc=0x0000000002cfbb1c method=java.lang.Character.codePointAt(Ljava/lang/CharSequence;I)I @ 2
Event: 4.231 Thread 0x0000000018364000 Uncommon trap: reason=class_check action=maybe_recompile pc=0x0000000002cfbb1c method=java.lang.Character.codePointAt(Ljava/lang/CharSequence;I)I @ 2
Event: 4.231 Thread 0x0000000018364000 Uncommon trap: reason=class_check action=maybe_recompile pc=0x0000000002cfbb1c method=java.lang.Character.codePointAt(Ljava/lang/CharSequence;I)I @ 2
Event: 4.231 Thread 0x0000000018364000 Uncommon trap: reason=class_check action=maybe_recompile pc=0x0000000002cfbb1c method=java.lang.Character.codePointAt(Ljava/lang/CharSequence;I)I @ 2
Event: 4.281 Thread 0x0000000018364000 Uncommon trap: reason=class_check action=maybe_recompile pc=0x0000000002e0869c method=org.jetbrains.kotlin.com.intellij.util.text.ByteArrayCharSequence.toBytesIfPossible(Ljava/lang/CharSequence;)[B @ 16
Event: 4.286 Thread 0x0000000018364000 Uncommon trap: reason=class_check action=maybe_recompile pc=0x0000000002e0869c method=org.jetbrains.kotlin.com.intellij.util.text.ByteArrayCharSequence.toBytesIfPossible(Ljava/lang/CharSequence;)[B @ 16
Event: 4.290 Thread 0x0000000018364000 Uncommon trap: reason=class_check action=maybe_recompile pc=0x0000000002e0869c method=org.jetbrains.kotlin.com.intellij.util.text.ByteArrayCharSequence.toBytesIfPossible(Ljava/lang/CharSequence;)[B @ 16
Event: 4.310 Thread 0x0000000018364000 Uncommon trap: reason=unstable_if action=reinterpret pc=0x0000000003099ff8 method=org.jetbrains.kotlin.parsing.SemanticWhitespaceAwarePsiBuilderImpl.getJoinedTokenType(Lorg/jetbrains/kotlin/com/intellij/psi/tree/IElementType;I)Lorg/jetbrains/kotlin/com/in
Event: 4.310 Thread 0x0000000018364000 Uncommon trap: reason=unstable_if action=reinterpret pc=0x0000000003089294 method=org.jetbrains.kotlin.parsing.SemanticWhitespaceAwarePsiBuilderImpl.getJoinedTokenType(Lorg/jetbrains/kotlin/com/intellij/psi/tree/IElementType;I)Lorg/jetbrains/kotlin/com/in
Event: 4.311 Thread 0x0000000018364000 Uncommon trap: reason=unstable_if action=reinterpret pc=0x00000000030a33ac method=org.jetbrains.kotlin.com.intellij.lang.impl.PsiBuilderImpl.whitespaceOrComment(Lorg/jetbrains/kotlin/com/intellij/psi/tree/IElementType;)Z @ 19

Classes redefined (0 events):
No events

Internal exceptions (10 events):
Event: 1.196 Thread 0x0000000018364000 Exception <a 'java/lang/NoSuchMethodError': <clinit>> (0x00000000e0996838) thrown at [C:\src\AOSP-openjdk-git\hotspot\src\share\vm\prims\jni.cpp, line 1615]
Event: 1.198 Thread 0x000000001838d000 Exception <a 'java/lang/InterruptedException'> (0x00000000e09e6c60) thrown at [C:\src\AOSP-openjdk-git\hotspot\src\share\vm\runtime\objectMonitor.cpp, line 1680]
Event: 1.461 Thread 0x0000000018364000 Exception <a 'java/lang/ArrayIndexOutOfBoundsException'> (0x00000000e1ed2e70) thrown at [C:\src\AOSP-openjdk-git\hotspot\src\share\vm\runtime\sharedRuntime.cpp, line 605]
Event: 1.554 Thread 0x0000000018364000 Exception <a 'java/lang/ArrayIndexOutOfBoundsException'> (0x00000000e2523340) thrown at [C:\src\AOSP-openjdk-git\hotspot\src\share\vm\runtime\sharedRuntime.cpp, line 605]
Event: 1.926 Thread 0x0000000018364000 Implicit null exception at 0x0000000002ca2eef to 0x0000000002ca2f59
Event: 2.006 Thread 0x0000000018364000 Exception <a 'java/lang/NoSuchMethodError': java.lang.Object.lambda$comparing$77a9974f$1(Ljava/util/function/Function;Ljava/lang/Object;Ljava/lang/Object;)I> (0x00000000e01828f8) thrown at [C:\src\AOSP-openjdk-git\hotspot\src\share\vm\interpreter\linkReso
Event: 2.128 Thread 0x0000000018364000 Exception <a 'java/lang/ArrayIndexOutOfBoundsException': 67> (0x00000000e053c630) thrown at [C:\src\AOSP-openjdk-git\hotspot\src\share\vm\interpreter\interpreterRuntime.cpp, line 368]
Event: 2.285 Thread 0x0000000018364000 Exception <a 'java/lang/NoSuchMethodError': java.lang.Object.lambda$static$0(I)[Lorg/jetbrains/kotlin/com/intellij/openapi/editor/event/DocumentListener;> (0x00000000e0e36b08) thrown at [C:\src\AOSP-openjdk-git\hotspot\src\share\vm\interpreter\linkResolve
Event: 2.313 Thread 0x0000000018364000 Exception <a 'java/lang/NoSuchMethodError': java.lang.Object.lambda$static$0(I)[Lorg/jetbrains/kotlin/com/intellij/psi/PsiAnnotation;> (0x00000000e100c638) thrown at [C:\src\AOSP-openjdk-git\hotspot\src\share\vm\interpreter\linkResolver.cpp, line 620]
Event: 2.405 Thread 0x0000000018364000 Exception <a 'java/lang/NoSuchMethodError': java.lang.Object.lambda$static$0(I)[Lorg/jetbrains/kotlin/com/intellij/psi/PsiElement;> (0x00000000e153fff0) thrown at [C:\src\AOSP-openjdk-git\hotspot\src\share\vm\interpreter\linkResolver.cpp, line 620]

Events (10 events):
Event: 4.333 loading class org/jetbrains/kotlin/android/synthetic/res/AndroidLayoutXmlFileManager$getVariantData$1 done
Event: 4.337 loading class org/jetbrains/kotlin/com/intellij/psi/impl/source/PsiPlainTextFileImpl
Event: 4.337 loading class org/jetbrains/kotlin/com/intellij/psi/impl/source/PsiPlainTextFileImpl done
Event: 4.338 loading class org/jetbrains/kotlin/com/intellij/psi/PlainTextTokenTypes
Event: 4.338 loading class org/jetbrains/kotlin/com/intellij/psi/PlainTextTokenTypes done
Event: 4.338 loading class org/jetbrains/kotlin/com/intellij/psi/PlainTextTokenTypes$1
Event: 4.338 loading class org/jetbrains/kotlin/com/intellij/psi/PlainTextTokenTypes$1 done
Event: 4.338 loading class org/jetbrains/kotlin/com/intellij/psi/impl/file/PsiDirectoryImpl
Event: 4.338 loading class org/jetbrains/kotlin/com/intellij/psi/impl/file/PsiDirectoryImpl done
Event: 4.339 Executing VM operation: CollectForMetadataAllocation


Dynamic libraries:
0x00007ff70c1a0000 - 0x00007ff70c1d1000 	D:\Program Files\Android\Android Studio\jre\jre\bin\java.exe
0x00007ffd3c6e0000 - 0x00007ffd3c8d0000 	C:\WINDOWS\SYSTEM32\ntdll.dll
0x00007ffd3b3b0000 - 0x00007ffd3b462000 	C:\WINDOWS\System32\KERNEL32.DLL
0x00007ffd39680000 - 0x00007ffd39925000 	C:\WINDOWS\System32\KERNELBASE.dll
0x00007ffd3b1f0000 - 0x00007ffd3b293000 	C:\WINDOWS\System32\ADVAPI32.dll
0x00007ffd3b050000 - 0x00007ffd3b0ee000 	C:\WINDOWS\System32\msvcrt.dll
0x00007ffd3b490000 - 0x00007ffd3b527000 	C:\WINDOWS\System32\sechost.dll
0x00007ffd3af30000 - 0x00007ffd3b050000 	C:\WINDOWS\System32\RPCRT4.dll
0x00007ffd3ad30000 - 0x00007ffd3aec4000 	C:\WINDOWS\System32\USER32.dll
0x00007ffd3a760000 - 0x00007ffd3a781000 	C:\WINDOWS\System32\win32u.dll
0x00007ffd3b2a0000 - 0x00007ffd3b2c6000 	C:\WINDOWS\System32\GDI32.dll
0x00007ffd39cb0000 - 0x00007ffd39e46000 	C:\WINDOWS\System32\gdi32full.dll
0x00007ffd39930000 - 0x00007ffd399ce000 	C:\WINDOWS\System32\msvcp_win.dll
0x00007ffd39bb0000 - 0x00007ffd39caa000 	C:\WINDOWS\System32\ucrtbase.dll
0x00007ffd19bf0000 - 0x00007ffd19e74000 	C:\WINDOWS\WinSxS\amd64_microsoft.windows.common-controls_6595b64144ccf1df_6.0.18362.1198_none_9e820b57e45ad92f\COMCTL32.dll
0x00007ffd3b530000 - 0x00007ffd3b865000 	C:\WINDOWS\System32\combase.dll
0x00007ffd39b30000 - 0x00007ffd39bb0000 	C:\WINDOWS\System32\bcryptPrimitives.dll
0x00007ffd3b950000 - 0x00007ffd3b97e000 	C:\WINDOWS\System32\IMM32.DLL
0x000000005a990000 - 0x000000005aa62000 	D:\Program Files\Android\Android Studio\jre\jre\bin\msvcr100.dll
0x0000000059bf0000 - 0x000000005a43b000 	D:\Program Files\Android\Android Studio\jre\jre\bin\server\jvm.dll
0x00007ffd3b0f0000 - 0x00007ffd3b0f8000 	C:\WINDOWS\System32\PSAPI.DLL
0x00007ffd36c90000 - 0x00007ffd36c99000 	C:\WINDOWS\SYSTEM32\WSOCK32.dll
0x00007ffd3b180000 - 0x00007ffd3b1ef000 	C:\WINDOWS\System32\WS2_32.dll
0x00007ffd367d0000 - 0x00007ffd367f4000 	C:\WINDOWS\SYSTEM32\WINMM.dll
0x00007ffd30e50000 - 0x00007ffd30e5a000 	C:\WINDOWS\SYSTEM32\VERSION.dll
0x00007ffd36770000 - 0x00007ffd3679d000 	C:\WINDOWS\SYSTEM32\WINMMBASE.dll
0x00007ffd39ae0000 - 0x00007ffd39b2a000 	C:\WINDOWS\System32\cfgmgr32.dll
0x00007ffd32230000 - 0x00007ffd3223f000 	D:\Program Files\Android\Android Studio\jre\jre\bin\verify.dll
0x00007ffd2e1e0000 - 0x00007ffd2e209000 	D:\Program Files\Android\Android Studio\jre\jre\bin\java.dll
0x00007ffd31ea0000 - 0x00007ffd31eb6000 	D:\Program Files\Android\Android Studio\jre\jre\bin\zip.dll
0x00007ffd3be80000 - 0x00007ffd3c567000 	C:\WINDOWS\System32\SHELL32.dll
0x00007ffd3bc70000 - 0x00007ffd3bd19000 	C:\WINDOWS\System32\shcore.dll
0x00007ffd39e80000 - 0x00007ffd3a601000 	C:\WINDOWS\System32\windows.storage.dll
0x00007ffd395a0000 - 0x00007ffd395c3000 	C:\WINDOWS\System32\profapi.dll
0x00007ffd395d0000 - 0x00007ffd3961a000 	C:\WINDOWS\System32\powrprof.dll
0x00007ffd39590000 - 0x00007ffd395a0000 	C:\WINDOWS\System32\UMPDC.dll
0x00007ffd3aed0000 - 0x00007ffd3af22000 	C:\WINDOWS\System32\shlwapi.dll
0x00007ffd39640000 - 0x00007ffd39651000 	C:\WINDOWS\System32\kernel.appcore.dll
0x00007ffd39660000 - 0x00007ffd39677000 	C:\WINDOWS\System32\cryptsp.dll
0x00007ffd31dd0000 - 0x00007ffd31ddd000 	D:\Program Files\Android\Android Studio\jre\jre\bin\management.dll
0x00007ffd163b0000 - 0x00007ffd163ca000 	D:\Program Files\Android\Android Studio\jre\jre\bin\net.dll
0x00007ffd38de0000 - 0x00007ffd38e47000 	C:\WINDOWS\system32\mswsock.dll
0x00007ffd121e0000 - 0x00007ffd121f3000 	D:\Program Files\Android\Android Studio\jre\jre\bin\nio.dll
0x00007ffd38950000 - 0x00007ffd38983000 	C:\WINDOWS\system32\rsaenh.dll
0x00007ffd39e50000 - 0x00007ffd39e76000 	C:\WINDOWS\System32\bcrypt.dll
0x00007ffd394b0000 - 0x00007ffd394d5000 	C:\WINDOWS\SYSTEM32\USERENV.dll
0x00007ffd38fb0000 - 0x00007ffd38fbc000 	C:\WINDOWS\SYSTEM32\CRYPTBASE.dll
0x00007ffd38af0000 - 0x00007ffd38b2a000 	C:\WINDOWS\SYSTEM32\IPHLPAPI.DLL
0x00007ffd3b100000 - 0x00007ffd3b108000 	C:\WINDOWS\System32\NSI.dll
0x00007ffd349b0000 - 0x00007ffd349c6000 	C:\WINDOWS\SYSTEM32\dhcpcsvc6.DLL
0x00007ffd34940000 - 0x00007ffd3495c000 	C:\WINDOWS\SYSTEM32\dhcpcsvc.DLL
0x00007ffd38b30000 - 0x00007ffd38bfb000 	C:\WINDOWS\SYSTEM32\DNSAPI.dll

VM Arguments:
jvm_args: -Djava.awt.headless=true -Djava.rmi.server.hostname=127.0.0.1 -Xmx1536m -Dkotlin.environment.keepalive 
java_command: org.jetbrains.kotlin.daemon.KotlinCompileDaemon --daemon-runFilesPath C:\Users\Owner\AppData\Local\kotlin\daemon --daemon-autoshutdownIdleSeconds=7200 --daemon-compilerClasspath C:\Users\Owner\.gradle\caches\modules-2\files-2.1\org.jetbrains.kotlin\kotlin-compiler-embeddable\1.3.20\ee2efe0fdd12b607e3ac01dd79da99a168ac85c5\kotlin-compiler-embeddable-1.3.20.jar;C:\Users\Owner\.gradle\caches\modules-2\files-2.1\org.jetbrains.kotlin\kotlin-reflect\1.3.20\cd49eec32cf964333faf59e04b4085eac7008477\kotlin-reflect-1.3.20.jar;C:\Users\Owner\.gradle\caches\modules-2\files-2.1\org.jetbrains.kotlin\kotlin-stdlib\1.3.20\eb2a232734e09fcd1b958a5c7520a93c6de38b32\kotlin-stdlib-1.3.20.jar;C:\Users\Owner\.gradle\caches\modules-2\files-2.1\org.jetbrains.kotlin\kotlin-script-runtime\1.3.20\312febd3c42137fcc5477e6666d6eec16631b176\kotlin-script-runtime-1.3.20.jar;C:\Users\Owner\.gradle\caches\modules-2\files-2.1\org.jetbrains.intellij.deps\trove4j\1.0.20181211\216c2e14b070f334479d800987affe4054cd563f\trove4j-1.0.20181211.jar;C:\Users\Owner\.gradle\caches\modules-2\files-2.1\org.jetbrains.kotlin\kotlin-stdlib-common\1.3.20\7d7934e26ce34da1a0a8d00e38038d7cf3375e89\kotlin-stdlib-common-1.3.20.jar;C:\Users\Owner\.gradle\caches\modules-2\files-2.1\org.jetbrains\annotations\13.0\919f0dfe192fb4e063e7dacadee7f8bb9a2672a9\annotations-13.0.jar;D:\Program Files\Android\Android Studio\jre\lib\tools.jar
java_class_path (initial): C:\Users\Owner\.gradle\caches\modules-2\files-2.1\org.jetbrains.kotlin\kotlin-compiler-embeddable\1.3.20\ee2efe0fdd12b607e3ac01dd79da99a168ac85c5\kotlin-compiler-embeddable-1.3.20.jar;C:\Users\Owner\.gradle\caches\modules-2\files-2.1\org.jetbrains.kotlin\kotlin-reflect\1.3.20\cd49eec32cf964333faf59e04b4085eac7008477\kotlin-reflect-1.3.20.jar;C:\Users\Owner\.gradle\caches\modules-2\files-2.1\org.jetbrains.kotlin\kotlin-stdlib\1.3.20\eb2a232734e09fcd1b958a5c7520a93c6de38b32\kotlin-stdlib-1.3.20.jar;C:\Users\Owner\.gradle\caches\modules-2\files-2.1\org.jetbrains.kotlin\kotlin-script-runtime\1.3.20\312febd3c42137fcc5477e6666d6eec16631b176\kotlin-script-runtime-1.3.20.jar;C:\Users\Owner\.gradle\caches\modules-2\files-2.1\org.jetbrains.intellij.deps\trove4j\1.0.20181211\216c2e14b070f334479d800987affe4054cd563f\trove4j-1.0.20181211.jar;C:\Users\Owner\.gradle\caches\modules-2\files-2.1\org.jetbrains.kotlin\kotlin-stdlib-common\1.3.20\7d7934e26ce34da1a0a8d00e38038d7cf3375e89\kotlin-stdlib-common-1.3.20.jar;C:\Users\Owner\.gradle\caches\modules-2\files-2.1\org.jetbrains\annotations\13.0\919f0dfe192fb4e063e7dacadee7f8bb9a2672a9\annotations-13.0.jar;D:\Program Files\Android\Android Studio\jre\lib\tools.jar
Launcher Type: SUN_STANDARD

Environment Variables:
JAVA_HOME=C:\Program Files\Java\jdk-15
CLASSPATH=.;
PATH=C:\Program Files (x86)\Razer Chroma SDK\bin;C:\Program Files\Razer Chroma SDK\bin;C:\Python27\;C:\Python27\Scripts;C:\Python38\Scripts\;C:\Python38\;C:\Program Files (x86)\Razer\ChromaBroadcast\bin;C:\Program Files\Razer\ChromaBroadcast\bin;C:\Program Files (x86)\Google\Chrome\Application;C:\WINDOWS\system32;C:\WINDOWS;C:\WINDOWS\System32\Wbem;C:\WINDOWS\System32\WindowsPowerShell\v1.0\;C:\WINDOWS\System32\OpenSSH\;C:\Program Files\MySQL\MySQL Shell 8.0\bin\;C:\Users\Owner\AppData\Local\Microsoft\WindowsApps;C:\Program Files (x86)\Brackets\command;C:\ProgramData\chocolatey\bin;C:\Program Files\NVIDIA Corporation\NVIDIA NvDLISR;C:\Program Files (x86)\NVIDIA Corporation\PhysX\Common;C:\Program Files (x86)\Intel\Intel(R) Management Engine Components\DAL;C:\Program Files\Intel\Intel(R) Management Engine Components\DAL;C:\WINDOWS\system32\config\systemprofile\AppData\Local\Microsoft\WindowsApps;C:\Program Files\Java\jdk-15\bin;C:\Program Files\Git\cmd;C:\Program Files\nodejs\;C:\Users\Owner\AppData\Local\Yarn\bin;C:\Program Files (x86)\Yarn\bin\;C:\Program Files\dotnet\;C:\Program Files\MySQL\MySQL Shell 8.0\bin\;C:\Users\Owner\AppData\Local\Microsoft\WindowsApps;C:\Users\Owner\AppData\Local\Programs\Microsoft VS Code\bin;C:\Users\Owner\AppData\Local\Android\Sdk\tools\bin\plataform-tools;D:\D Program Files\IntelliJ IDEA Community Edition 2020.2.2\bin;;C:\Users\Owner\AppData\Roaming\npm;C:\Users\Owner\AppData\Local\Yarn\bin;C:\Users\Owner\AppData\Local\hyper\app-3.0.2\resources\bin;C:\Users\Owner\.dotnet\tools
USERNAME=Owner
OS=Windows_NT
PROCESSOR_IDENTIFIER=Intel64 Family 6 Model 158 Stepping 9, GenuineIntel



---------------  S Y S T E M  ---------------

OS: Windows 10.0 , 64 bit Build 18362 (10.0.18362.1110)

CPU:total 4 (initial active 4) (4 cores per cpu, 1 threads per core) family 6 model 158 stepping 9, cmov, cx8, fxsr, mmx, sse, sse2, sse3, ssse3, sse4.1, sse4.2, popcnt, avx, avx2, aes, clmul, erms, 3dnowpref, lzcnt, tsc, tscinvbit, bmi1, bmi2, adx

Memory: 4k page, physical 16640372k(3396208k free), swap 16640372k(1404k free)

vm_info: OpenJDK 64-Bit Server VM (25.242-b01) for windows-amd64 JRE (1.8.0_242-release-1644-b01), built by "builder" with MS VC++ 10.0 (VS2010)

time: Thu Nov 19 16:39:46 2020
timezone: GMT Standard Time
elapsed time: 4 seconds (0d 0h 0m 4s)

